2022-03-14 22:28:53.751 [main] DEBUG com.imooc.o2o.dao.ShopDao.insertShop - ==>  Preparing: INSERT INTO tb_shop(owner_id, area_id, shop_category_id, shop_name, shop_desc, shop_addr, phone, shop_img, priority, create_time, last_edit_time, enable_status,advice) VALUES (?,?,?, ?,?,?,?,?, ?,?,?,?,?) 
2022-03-14 22:28:53.806 [main] DEBUG com.imooc.o2o.dao.ShopDao.insertShop - ==> Parameters: 1(Long), 2(Integer), 1(Long), service test(String), service test(String), null, service test(String), null, null, 2022-03-14 22:28:53.726(Timestamp), 2022-03-14 22:28:53.726(Timestamp), 0(Integer), under review(String)
2022-03-14 22:28:53.812 [main] DEBUG com.imooc.o2o.dao.ShopDao.insertShop - <==    Updates: 1
2022-03-14 22:28:53.834 [main] DEBUG com.imooc.o2o.util.ImageUtil - current relativeAddr is: \upload\item\shop\37\2022031422285364352.jpg
2022-03-14 22:28:53.834 [main] DEBUG com.imooc.o2o.util.ImageUtil - current complete addr is: B:\\VS_Project\Java\eCommerce\image\upload\item\shop\37\2022031422285364352.jpg
2022-03-14 22:28:53.885 [main] DEBUG com.imooc.o2o.dao.ShopDao.updateShop - ==>  Preparing: update tb_shop SET shop_name=?, shop_desc=?, phone=?, shop_Img=?, last_edit_time=?, enable_status=?, advice=?, shop_category_id = ? where shop_id = ? 
2022-03-14 22:28:53.885 [main] DEBUG com.imooc.o2o.dao.ShopDao.updateShop - ==> Parameters: service test(String), service test(String), service test(String), \upload\item\shop\37\2022031422285364352.jpg(String), 2022-03-14 22:28:53.726(Timestamp), 0(Integer), under review(String), 1(Long), 37(Long)
2022-03-14 22:28:53.888 [main] DEBUG com.imooc.o2o.dao.ShopDao.updateShop - <==    Updates: 1
2022-03-14 22:35:13.406 [main] DEBUG com.imooc.o2o.dao.ShopDao.insertShop - ==>  Preparing: INSERT INTO tb_shop(owner_id, area_id, shop_category_id, shop_name, shop_desc, shop_addr, phone, shop_img, priority, create_time, last_edit_time, enable_status,advice) VALUES (?,?,?, ?,?,?,?,?, ?,?,?,?,?) 
2022-03-14 22:35:13.459 [main] DEBUG com.imooc.o2o.dao.ShopDao.insertShop - ==> Parameters: 1(Long), 2(Integer), 1(Long), service test(String), service test(String), null, service test(String), null, null, 2022-03-14 22:35:13.376(Timestamp), 2022-03-14 22:35:13.376(Timestamp), 0(Integer), under review(String)
2022-03-14 22:35:13.464 [main] DEBUG com.imooc.o2o.dao.ShopDao.insertShop - <==    Updates: 1
2022-03-14 22:35:13.490 [main] DEBUG com.imooc.o2o.util.ImageUtil - current relativeAddr is: upload\item\shop\38\2022031422351342407.jpg
2022-03-14 22:35:13.490 [main] DEBUG com.imooc.o2o.util.ImageUtil - current complete addr is: B:\\VS_Project\Java\eCommerce\imageupload\item\shop\38\2022031422351342407.jpg
2022-03-14 22:35:13.544 [main] DEBUG com.imooc.o2o.dao.ShopDao.updateShop - ==>  Preparing: update tb_shop SET shop_name=?, shop_desc=?, phone=?, shop_Img=?, last_edit_time=?, enable_status=?, advice=?, shop_category_id = ? where shop_id = ? 
2022-03-14 22:35:13.544 [main] DEBUG com.imooc.o2o.dao.ShopDao.updateShop - ==> Parameters: service test(String), service test(String), service test(String), upload\item\shop\38\2022031422351342407.jpg(String), 2022-03-14 22:35:13.376(Timestamp), 0(Integer), under review(String), 1(Long), 38(Long)
2022-03-14 22:35:13.547 [main] DEBUG com.imooc.o2o.dao.ShopDao.updateShop - <==    Updates: 1
2022-03-14 22:36:22.657 [main] DEBUG com.imooc.o2o.dao.ShopDao.insertShop - ==>  Preparing: INSERT INTO tb_shop(owner_id, area_id, shop_category_id, shop_name, shop_desc, shop_addr, phone, shop_img, priority, create_time, last_edit_time, enable_status,advice) VALUES (?,?,?, ?,?,?,?,?, ?,?,?,?,?) 
2022-03-14 22:36:22.702 [main] DEBUG com.imooc.o2o.dao.ShopDao.insertShop - ==> Parameters: 1(Long), 2(Integer), 1(Long), service test(String), service test(String), null, service test(String), null, null, 2022-03-14 22:36:22.637(Timestamp), 2022-03-14 22:36:22.637(Timestamp), 0(Integer), under review(String)
2022-03-14 22:36:22.706 [main] DEBUG com.imooc.o2o.dao.ShopDao.insertShop - <==    Updates: 1
2022-03-14 22:36:22.728 [main] DEBUG com.imooc.o2o.util.ImageUtil - current relativeAddr is: \upload\item\shop\39\2022031422362216457.jpg
2022-03-14 22:36:22.729 [main] DEBUG com.imooc.o2o.util.ImageUtil - current complete addr is: B:\\VS_Project\Java\eCommerce\image\upload\item\shop\39\2022031422362216457.jpg
2022-03-14 22:36:22.770 [main] DEBUG com.imooc.o2o.dao.ShopDao.updateShop - ==>  Preparing: update tb_shop SET shop_name=?, shop_desc=?, phone=?, shop_Img=?, last_edit_time=?, enable_status=?, advice=?, shop_category_id = ? where shop_id = ? 
2022-03-14 22:36:22.771 [main] DEBUG com.imooc.o2o.dao.ShopDao.updateShop - ==> Parameters: service test(String), service test(String), service test(String), \upload\item\shop\39\2022031422362216457.jpg(String), 2022-03-14 22:36:22.637(Timestamp), 0(Integer), under review(String), 1(Long), 39(Long)
2022-03-14 22:36:22.773 [main] DEBUG com.imooc.o2o.dao.ShopDao.updateShop - <==    Updates: 1
2022-03-14 22:39:35.120 [main] DEBUG com.imooc.o2o.dao.ShopDao.insertShop - ==>  Preparing: INSERT INTO tb_shop(owner_id, area_id, shop_category_id, shop_name, shop_desc, shop_addr, phone, shop_img, priority, create_time, last_edit_time, enable_status,advice) VALUES (?,?,?, ?,?,?,?,?, ?,?,?,?,?) 
2022-03-14 22:39:35.180 [main] DEBUG com.imooc.o2o.dao.ShopDao.insertShop - ==> Parameters: 1(Long), 2(Integer), 1(Long), service test(String), service test(String), null, service test(String), null, null, 2022-03-14 22:39:35.095(Timestamp), 2022-03-14 22:39:35.095(Timestamp), 0(Integer), under review(String)
2022-03-14 22:39:35.184 [main] DEBUG com.imooc.o2o.dao.ShopDao.insertShop - <==    Updates: 1
2022-03-14 22:39:35.202 [main] DEBUG com.imooc.o2o.util.ImageUtil - current relativeAddr is: \upload\item\shop\40\2022031422393574418.jpg
2022-03-14 22:39:35.203 [main] DEBUG com.imooc.o2o.util.ImageUtil - current complete addr is: B:\\VS_Project\Java\eCommerce\image\upload\item\shop\40\2022031422393574418.jpg
2022-03-14 22:39:35.379 [main] DEBUG com.imooc.o2o.dao.ShopDao.updateShop - ==>  Preparing: update tb_shop SET shop_name=?, shop_desc=?, phone=?, shop_Img=?, last_edit_time=?, enable_status=?, advice=?, shop_category_id = ? where shop_id = ? 
2022-03-14 22:39:35.380 [main] DEBUG com.imooc.o2o.dao.ShopDao.updateShop - ==> Parameters: service test(String), service test(String), service test(String), \upload\item\shop\40\2022031422393574418.jpg(String), 2022-03-14 22:39:35.095(Timestamp), 0(Integer), under review(String), 1(Long), 40(Long)
2022-03-14 22:39:35.382 [main] DEBUG com.imooc.o2o.dao.ShopDao.updateShop - <==    Updates: 1
2022-03-14 22:44:58.680 [main] DEBUG com.imooc.o2o.dao.ShopDao.insertShop - ==>  Preparing: INSERT INTO tb_shop(owner_id, area_id, shop_category_id, shop_name, shop_desc, shop_addr, phone, shop_img, priority, create_time, last_edit_time, enable_status,advice) VALUES (?,?,?, ?,?,?,?,?, ?,?,?,?,?) 
2022-03-14 22:44:58.732 [main] DEBUG com.imooc.o2o.dao.ShopDao.insertShop - ==> Parameters: 1(Long), 2(Integer), 1(Long), service test2(String), service test(String), null, service test(String), null, null, 2022-03-14 22:44:58.653(Timestamp), 2022-03-14 22:44:58.653(Timestamp), 0(Integer), under review(String)
2022-03-14 22:44:58.745 [main] DEBUG com.imooc.o2o.dao.ShopDao.insertShop - <==    Updates: 1
